/*C4*/SET SCHEMA PUBLIC
DISCONNECT
/*C5*/SET SCHEMA PUBLIC
drop table project_item_nongen
DISCONNECT
/*C6*/SET SCHEMA PUBLIC
alter table project alter column benef_desc set data type varchar(3000)
alter table project alter column proj_desc set data type varchar(3000)
alter table project alter column justification set data type varchar(3000)
alter table project alter column activities set data type varchar(3000)
alter table project alter column technology set data type varchar(3000)
alter table project alter column requirements set data type varchar(3000)
alter table project alter column market set data type varchar(3000)
alter table project alter column organization set data type varchar(3000)
alter table project alter column assumptions set data type varchar(3000)
alter table project alter column enviroimpact set data type varchar(3000)
DISCONNECT
/*C7*/SET SCHEMA PUBLIC
alter table project alter column sustainability set data type varchar(3000)
alter table project alter column source_funds set data type varchar(3000)
alter table project alter column recc_desc set data type varchar(3000)
alter table project alter column enviro_impact set data type varchar(3000)
DISCONNECT
